number,value,datetime_start,datetime_complete,duration,params_colsample_bytree,params_eta,params_gamma,params_max_depth,params_min_child_weight,params_n_estimators,params_reg_alpha,params_reg_lambda,params_subsample,state
85,0.050849180631819674,2026-08-30 23:41:50.262719,2026-08-30 23:41:58.361428,0 days 00:00:08.098709,0.6478883655058207,0.04648781052536184,1.9769190951337505,6,24.19299539521457,631,0.002346512350256318,0.5037596433671928,0.6005931540188706,COMPLETE
86,0.051482108513050774,2026-08-30 23:41:58.361466,2026-08-30 23:42:04.308893,0 days 00:00:05.947427,0.9223089883364407,0.04699502953257065,4.974006705907702,6,13.17084174003421,413,0.001439477891278377,0.10020677488485283,0.6403919283745949,COMPLETE
87,0.050497709225562265,2026-08-30 23:42:04.308931,2026-08-30 23:42:13.098799,0 days 00:00:08.789868,0.8763051705183889,0.059881453541446354,3.9223977545915942,6,15.829378020132312,662,0.00537502466851696,0.16748872643443224,0.6533447535989996,COMPLETE
88,0.0503452779391332,2026-08-30 23:42:13.098838,2026-08-30 23:42:22.123102,0 days 00:00:09.024264,0.8522983965222072,0.06251911701361679,2.833402438304299,6,15.67968282981901,658,0.0019135849295329867,0.16651320095792893,0.6532698644650907,COMPLETE
89,0.05057803730858759,2026-08-30 23:42:22.123144,2026-08-30 23:42:31.070841,0 days 00:00:08.947697,0.8765701700288496,0.061984156547483335,0.8913931400288269,6,16.16571522813897,655,0.0018921175796256012,0.16133199764880243,0.6090790374603768,COMPLETE
90,0.05139281656023942,2026-08-30 23:42:31.070880,2026-08-30 23:42:40.386718,0 days 00:00:09.315838,0.8286046810875208,0.03831591165402119,2.776997184451349,6,17.69433172088575,689,0.003347073162227946,0.228839640831116,0.6268915413597542,COMPLETE
91,0.051068318965326404,2026-08-30 23:42:40.386755,2026-08-30 23:42:48.403863,0 days 00:00:08.017108,0.8477148085495033,0.06755318555085872,2.0449303223627373,6,15.342590556594157,583,0.0023543026377330655,0.0652561095475059,0.6562112371160489,COMPLETE
92,0.05064716191328405,2026-08-30 23:42:48.403900,2026-08-30 23:42:56.843235,0 days 00:00:08.439335,0.8556463525134943,0.0423912313759508,3.238354643683998,6,18.689617411714597,610,0.005385776620309548,0.11097839465689381,0.6410778169269101,COMPLETE
93,0.05085315205072218,2026-08-30 23:42:56.843274,2026-08-30 23:43:05.654912,0 days 00:00:08.811638,0.8916372754103351,0.06024367837884657,0.002282143349501184,6,12.43564881259439,637,0.0017542497457432712,0.17329300107513457,0.6511470713823985,COMPLETE
94,0.050878151706080954,2026-08-30 23:43:05.654950,2026-08-30 23:43:14.452762,0 days 00:00:08.797812,0.8051285486578388,0.05244548401556447,4.16822807328848,6,10.481737271681014,660,0.003705477721304972,0.2890351173266692,0.6229383030664488,COMPLETE
95,0.050588933819401084,2026-08-30 23:43:14.452800,2026-08-30 23:43:23.031399,0 days 00:00:08.578599,0.8716640449629522,0.0572171104756748,1.7610067868381842,6,13.956775646598983,615,0.0012294570581720475,0.09485033315860285,0.6642345844321693,COMPLETE
96,0.05045548724459801,2026-08-30 23:43:23.031436,2026-08-30 23:43:30.559954,0 days 00:00:07.528518,0.8298685225388925,0.07354634953266442,3.0008588444622832,5,22.627489376962423,667,0.00907332167394554,0.12273385157242515,0.6952019914987948,COMPLETE
97,0.050521241121233414,2026-08-30 23:43:30.559993,2026-08-30 23:43:38.040056,0 days 00:00:07.480063,0.8133794407690574,0.0775167247589058,2.3102485227513982,5,23.09866909550089,663,0.009680690476399403,0.12125133030362643,0.693277878449512,COMPLETE
98,0.05123896047243298,2026-08-30 23:43:38.040097,2026-08-30 23:43:45.588473,0 days 00:00:07.548376,0.770825205807232,0.12349488428430146,2.7690886157512296,5,3.5479220789903767,685,0.008220280496292823,0.04843683761990599,0.8428171503473034,COMPLETE
99,0.05355731018493957,2026-08-30 23:43:45.588514,2026-08-30 23:43:51.732732,0 days 00:00:06.144218,0.7987134635372258,0.04838595493991344,1.4157640861686247,4,27.51849679466761,645,0.03643535334308043,0.19991642279707475,0.7324978672742445,COMPLETE
100,0.05164976993542981,2026-08-30 23:43:51.732773,2026-08-30 23:43:58.922934,0 days 00:00:07.190161,0.8350825341984388,0.06357885174653839,4.270213036704407,5,1.4084037051330187,626,0.012034758562633963,0.33775864362045743,0.7105275592561853,COMPLETE
101,0.05061886202145038,2026-08-30 23:43:58.922977,2026-08-30 23:44:06.713908,0 days 00:00:07.790931,0.8528851487119404,0.07220507457435922,3.184113305837678,6,16.70614103081253,567,0.004828447792145945,0.07069673400670146,0.6809940078744882,COMPLETE
102,0.050842246739764445,2026-08-30 23:44:06.713946,2026-08-30 23:44:15.910267,0 days 00:00:09.196321,0.8206017054681664,0.05370206931763379,3.7025108364819683,6,21.71580816739171,700,0.00262809285835619,0.15216584986054824,0.6627541083417577,COMPLETE
103,0.05087680418630863,2026-08-30 23:44:15.910307,2026-08-30 23:44:24.284496,0 days 00:00:08.374189,0.9067472186900993,0.06794530607681283,2.2154051267537596,6,17.95348511483711,602,0.002003465555474191,0.1276622835744744,0.6547520933296201,COMPLETE
104,0.050728731240652164,2026-08-30 23:44:24.284535,2026-08-30 23:44:32.803986,0 days 00:00:08.519451,0.8320470331880956,0.058803568151939364,4.928235915078798,6,15.535200407846594,665,0.015360546275489509,0.05019857820623238,0.6401502561385011,COMPLETE
105,0.05089945846549143,2026-08-30 23:44:32.804023,2026-08-30 23:44:41.598786,0 days 00:00:08.794763,0.8838015302607466,0.04385004821342754,3.5204841377822875,6,22.90994502885264,643,0.0015244873562572539,0.032132588055527954,0.6330957517887559,COMPLETE
106,0.050565009459034575,2026-08-30 23:44:41.598825,2026-08-30 23:44:50.985812,0 days 00:00:09.386987,0.864565797367361,0.050014731156361514,2.92190116867822,6,19.468157035042847,685,0.005297255296499772,0.18834365756355917,0.694431982169832,COMPLETE
107,0.05100336940021921,2026-08-30 23:44:50.985851,2026-08-30 23:44:59.737807,0 days 00:00:08.751956,0.8939792176871659,0.08949580575717767,1.7460620800698796,6,20.035896310658437,619,0.003911019039069712,0.09270234235117483,0.9509997412671384,COMPLETE
108,0.05035778907011015,2026-08-30 23:44:59.737844,2026-08-30 23:45:07.387559,0 days 00:00:07.649715,0.8480078925605712,0.08141142171251176,4.240309104727216,6,6.640606483915627,589,1.9255193324950368,0.265195771158081,0.6681853473550515,COMPLETE
109,0.05084396382710759,2026-08-30 23:45:07.387600,2026-08-30 23:45:14.736851,0 days 00:00:07.349251,0.8442190596938832,0.08189919394546155,4.472153822473007,6,6.211477800870949,585,0.8583934778361333,0.2602907209530847,0.7728745044138545,COMPLETE
110,0.050507064833968045,2026-08-30 23:45:14.736889,2026-08-30 23:45:22.114520,0 days 00:00:07.377631,0.9270773712689973,0.11488029102600802,3.7531525661236813,5,6.876549212166212,633,2.4850858950079444,0.3817958734817418,0.6800093655250032,COMPLETE
111,0.051211407706218515,2026-08-30 23:45:22.114558,2026-08-30 23:45:28.328443,0 days 00:00:06.213885,0.9228142949486394,0.1126507735569433,3.9046156151644156,4,7.144645775079451,651,0.18989428231480596,0.4165404522811247,0.7159673296462103,COMPLETE
112,0.05124322197331039,2026-08-30 23:45:28.328483,2026-08-30 23:45:35.882813,0 days 00:00:07.554330,0.953777322530812,0.13176999992911292,2.6653408216546803,5,5.305287862221796,633,1.7114042609014122,0.33558190550259537,0.6801695808065771,COMPLETE
113,0.051137204351282245,2026-08-30 23:45:35.882851,2026-08-30 23:45:43.382799,0 days 00:00:07.499948,0.9081060495995957,0.1644023373391911,3.598027818246284,6,7.563843224883679,679,2.711812536483238,0.24393508241767786,0.6683464313179772,COMPLETE
114,0.05039311613790193,2026-08-30 23:45:43.382837,2026-08-30 23:45:51.654523,0 days 00:00:08.271686,0.930157137480017,0.07459133935955688,4.953889009024304,6,9.020093229341636,669,1.5929103803881302,0.47094666583208944,0.7060359791675458,COMPLETE
115,0.05033946464560183,2026-08-30 23:45:51.654567,2026-08-30 23:45:59.793576,0 days 00:00:08.139009,0.9350466967529156,0.07611309125401262,4.852908576277078,6,26.438709231357144,670,1.6057803308082297,0.2099244903698835,0.7095174841994951,COMPLETE
116,0.05054538225198888,2026-08-30 23:45:59.793615,2026-08-30 23:46:07.666957,0 days 00:00:07.873342,0.9653035694049836,0.07668435608223688,4.932941591254668,6,26.726693346465236,671,3.821716848216087,0.4863676321683002,0.7483311766629129,COMPLETE
117,0.05074385344605783,2026-08-30 23:46:07.666995,2026-08-30 23:46:17.264805,0 days 00:00:09.597810,0.9868922386785078,0.10108999332283743,2.182625923360773,6,28.80265522099984,690,1.4295889110080362,0.21014996052299795,0.7248340504294002,COMPLETE
118,0.05082865211985684,2026-08-30 23:46:17.264846,2026-08-30 23:46:26.712034,0 days 00:00:09.447188,0.9443793962958006,0.07307020125917278,2.905461132841178,6,8.185628618916752,648,2.271483320432108,1.0349661813651179,0.7068466247202636,COMPLETE
119,0.05139327974625985,2026-08-30 23:46:26.712076,2026-08-30 23:46:36.754172,0 days 00:00:10.042096,0.9354994684575405,0.09306737272925741,0.05513651317529358,6,9.266968070197061,670,1.6276052509490524,0.2958133374130795,0.7335366286259943,COMPLETE
